  
  C:\Users\gestu\source\repos\CudaPagerank\CudaPagerank>"C:\Program Files\NVIDIA GPU Computing Toolkit\CUDA\v9.1\bin\nvcc.exe" -ccbin "C:\Program Files (x86)\Microsoft Visual Studio 14.0\VC\bin\x86_amd64" -x cu  -I"C:\Program Files\NVIDIA GPU Computing Toolkit\CUDA\v9.1\include" -I"C:\Program Files\NVIDIA GPU Computing Toolkit\CUDA\v9.1\include"  -G   --keep-dir x64\Debug -maxrregcount=0  --machine 64 --compile   -g   -DWIN32 -DWIN64 -D_DEBUG -D_CONSOLE -D_MBCS -Xcompiler "/EHsc /W3 /nologo /Od /FS /Zi /RTC1 /MDd " -o x64\Debug\kernel.cu.obj "C:\Users\gestu\source\repos\CudaPagerank\CudaPagerank\kernel.cu" -clean 
  kernel.cu
  Compiling CUDA source file kernel.cu...
  
  C:\Users\gestu\source\repos\CudaPagerank\CudaPagerank>"C:\Program Files\NVIDIA GPU Computing Toolkit\CUDA\v9.1\bin\nvcc.exe" -gencode=arch=compute_30,code=\"sm_30,compute_30\" --use-local-env --cl-version 2015 -ccbin "C:\Program Files (x86)\Microsoft Visual Studio 14.0\VC\bin\x86_amd64" -x cu  -I"C:\Program Files\NVIDIA GPU Computing Toolkit\CUDA\v9.1\include" -I"C:\Program Files\NVIDIA GPU Computing Toolkit\CUDA\v9.1\include"  -G   --keep-dir x64\Debug -maxrregcount=0  --machine 64 --compile -cudart static  -g   -DWIN32 -DWIN64 -D_DEBUG -D_CONSOLE -D_MBCS -Xcompiler "/EHsc /W3 /nologo /Od /FS /Zi /RTC1 /MDd " -o x64\Debug\kernel.cu.obj "C:\Users\gestu\source\repos\CudaPagerank\CudaPagerank\kernel.cu" 
C:/Users/gestu/source/repos/CudaPagerank/CudaPagerank/kernel.cu(55): warning : variable "vis" was declared but never referenced
C:/Users/gestu/source/repos/CudaPagerank/CudaPagerank/kernel.cu(126): warning : variable "count" was declared but never referenced
C:/Users/gestu/source/repos/CudaPagerank/CudaPagerank/kernel.cu(128): warning : variable "inlist" was set but never used
C:/Users/gestu/source/repos/CudaPagerank/CudaPagerank/kernel.cu(128): warning : variable "degree" was set but never used
C:/Users/gestu/source/repos/CudaPagerank/CudaPagerank/kernel.cu(55): warning : variable "vis" was declared but never referenced
C:/Users/gestu/source/repos/CudaPagerank/CudaPagerank/kernel.cu(126): warning : variable "count" was declared but never referenced
C:/Users/gestu/source/repos/CudaPagerank/CudaPagerank/kernel.cu(128): warning : variable "inlist" was set but never used
C:/Users/gestu/source/repos/CudaPagerank/CudaPagerank/kernel.cu(128): warning : variable "degree" was set but never used
  kernel.cu
C:/Users/gestu/source/repos/CudaPagerank/CudaPagerank/kernel.cu(126): warning C4101: 'count': unreferenced local variable
  CudaPagerank.vcxproj -> C:\Users\gestu\source\repos\CudaPagerank\x64\Debug\CudaPagerank.exe
  CudaPagerank.vcxproj -> C:\Users\gestu\source\repos\CudaPagerank\x64\Debug\CudaPagerank.pdb (Full PDB)
  copy "C:\Program Files\NVIDIA GPU Computing Toolkit\CUDA\v9.1\bin\cudart*.dll" "C:\Users\gestu\source\repos\CudaPagerank\x64\Debug\"
  C:\Program Files\NVIDIA GPU Computing Toolkit\CUDA\v9.1\bin\cudart32_91.dll
  C:\Program Files\NVIDIA GPU Computing Toolkit\CUDA\v9.1\bin\cudart64_91.dll
          2 file(s) copied.
